# JRE version: OpenJDK Runtime Environment Temurin-17.0.7+7 (17.0.7+7) (build 17.0.7+7)
# Java VM: OpenJDK 64-Bit Server VM Temurin-17.0.7+7 (17.0.7+7, mixed mode, sharing, tiered, compressed oops, compressed class ptrs, g1 gc, windows-amd64)
GC Precious Log:
 CPUs: 8 total, 8 available
 Memory: 16280M
 Large Page Support: Disabled
 NUMA Support: Disabled
 Compressed Oops: Enabled (Zero based)
 Heap Region Size: 2M
 Heap Min Capacity: 512M
 Heap Initial Capacity: 512M
 Heap Max Capacity: 4072M
 Pre-touch: Disabled
 Parallel Workers: 8
 Concurrent Workers: 2
 Concurrent Refinement Workers: 8
 Periodic GC: Disabled
 String Deduplication is enabled
Heap:
 garbage-first heap   total 614400K, used 195857K [0x0000000701800000, 0x0000000800000000)
  region size 2048K, 2 young (4096K), 1 survivors (2048K)
 Metaspace       used 100714K, committed 101568K, reserved 1179648K
  class space    used 14613K, committed 15040K, reserved 1048576K
GC Heap History (20 events):
Event: 2932.895 GC heap before
{Heap before GC invocations=254 (full 75):
 garbage-first heap   total 614400K, used 281683K [0x0000000701800000, 0x0000000800000000)
  region size 2048K, 40 young (81920K), 4 survivors (8192K)
 Metaspace       used 100608K, committed 101504K, reserved 1179648K
  class space    used 14611K, committed 15040K, reserved 1048576K
}
Event: 2932.901 GC heap after
{Heap after GC invocations=255 (full 75):
 garbage-first heap   total 614400K, used 208828K [0x0000000701800000, 0x0000000800000000)
  region size 2048K, 3 young (6144K), 3 survivors (6144K)
 Metaspace       used 100608K, committed 101504K, reserved 1179648K
  class space    used 14611K, committed 15040K, reserved 1048576K
}
Event: 2934.921 GC heap before
{Heap before GC invocations=255 (full 75):
 garbage-first heap   total 614400K, used 284604K [0x0000000701800000, 0x0000000800000000)
  region size 2048K, 40 young (81920K), 3 survivors (6144K)
 Metaspace       used 100610K, committed 101504K, reserved 1179648K
  class space    used 14611K, committed 15040K, reserved 1048576K
}
Event: 2934.926 GC heap after
{Heap after GC invocations=256 (full 75):
 garbage-first heap   total 614400K, used 208845K [0x0000000701800000, 0x0000000800000000)
  region size 2048K, 3 young (6144K), 3 survivors (6144K)
 Metaspace       used 100610K, committed 101504K, reserved 1179648K
  class space    used 14611K, committed 15040K, reserved 1048576K
}
Event: 2966.959 GC heap before
{Heap before GC invocations=256 (full 75):
 garbage-first heap   total 614400K, used 284621K [0x0000000701800000, 0x0000000800000000)
  region size 2048K, 40 young (81920K), 3 survivors (6144K)
 Metaspace       used 100636K, committed 101504K, reserved 1179648K
  class space    used 14612K, committed 15040K, reserved 1048576K
}
Event: 2966.963 GC heap after
{Heap after GC invocations=257 (full 75):
 garbage-first heap   total 614400K, used 207931K [0x0000000701800000, 0x0000000800000000)
  region size 2048K, 3 young (6144K), 3 survivors (6144K)
 Metaspace       used 100636K, committed 101504K, reserved 1179648K
  class space    used 14612K, committed 15040K, reserved 1048576K
}
Event: 2978.782 GC heap before
{Heap before GC invocations=257 (full 75):
 garbage-first heap   total 614400K, used 283707K [0x0000000701800000, 0x0000000800000000)
  region size 2048K, 40 young (81920K), 3 survivors (6144K)
 Metaspace       used 100653K, committed 101504K, reserved 1179648K
  class space    used 14612K, committed 15040K, reserved 1048576K
}
Event: 2978.786 GC heap after
{Heap after GC invocations=258 (full 75):
 garbage-first heap   total 614400K, used 208085K [0x0000000701800000, 0x0000000800000000)
  region size 2048K, 3 young (6144K), 3 survivors (6144K)
 Metaspace       used 100653K, committed 101504K, reserved 1179648K
  class space    used 14612K, committed 15040K, reserved 1048576K
}
Event: 2996.885 GC heap before
{Heap before GC invocations=258 (full 75):
 garbage-first heap   total 614400K, used 283861K [0x0000000701800000, 0x0000000800000000)
  region size 2048K, 40 young (81920K), 3 survivors (6144K)
 Metaspace       used 100662K, committed 101568K, reserved 1179648K
  class space    used 14612K, committed 15040K, reserved 1048576K
}
Event: 2996.889 GC heap after
{Heap after GC invocations=259 (full 75):
 garbage-first heap   total 614400K, used 209520K [0x0000000701800000, 0x0000000800000000)
  region size 2048K, 3 young (6144K), 3 survivors (6144K)
 Metaspace       used 100662K, committed 101568K, reserved 1179648K
  class space    used 14612K, committed 15040K, reserved 1048576K
}
Event: 2998.889 GC heap before
{Heap before GC invocations=259 (full 75):
 garbage-first heap   total 614400K, used 285296K [0x0000000701800000, 0x0000000800000000)
  region size 2048K, 40 young (81920K), 3 survivors (6144K)
 Metaspace       used 100669K, committed 101568K, reserved 1179648K
  class space    used 14612K, committed 15040K, reserved 1048576K
}
Event: 2998.893 GC heap after
{Heap after GC invocations=260 (full 75):
 garbage-first heap   total 614400K, used 208579K [0x0000000701800000, 0x0000000800000000)
  region size 2048K, 3 young (6144K), 3 survivors (6144K)
 Metaspace       used 100669K, committed 101568K, reserved 1179648K
  class space    used 14612K, committed 15040K, reserved 1048576K
}
Event: 3000.047 GC heap before
{Heap before GC invocations=260 (full 75):
 garbage-first heap   total 614400K, used 284355K [0x0000000701800000, 0x0000000800000000)
  region size 2048K, 40 young (81920K), 3 survivors (6144K)
 Metaspace       used 100691K, committed 101568K, reserved 1179648K
  class space    used 14612K, committed 15040K, reserved 1048576K
}
Event: 3000.051 GC heap after
{Heap after GC invocations=261 (full 75):
 garbage-first heap   total 614400K, used 208830K [0x0000000701800000, 0x0000000800000000)
  region size 2048K, 3 young (6144K), 3 survivors (6144K)
 Metaspace       used 100691K, committed 101568K, reserved 1179648K
  class space    used 14612K, committed 15040K, reserved 1048576K
}
Event: 3003.560 GC heap before
{Heap before GC invocations=261 (full 75):
 garbage-first heap   total 614400K, used 272318K [0x0000000701800000, 0x0000000800000000)
  region size 2048K, 25 young (51200K), 3 survivors (6144K)
 Metaspace       used 100696K, committed 101568K, reserved 1179648K
  class space    used 14613K, committed 15040K, reserved 1048576K
}
Event: 3003.700 GC heap after
{Heap after GC invocations=262 (full 76):
 garbage-first heap   total 614400K, used 195311K [0x0000000701800000, 0x0000000800000000)
  region size 2048K, 0 young (0K), 0 survivors (0K)
 Metaspace       used 100696K, committed 101568K, reserved 1179648K
  class space    used 14613K, committed 15040K, reserved 1048576K
}
Event: 3029.459 GC heap before
{Heap before GC invocations=262 (full 76):
 garbage-first heap   total 614400K, used 277231K [0x0000000701800000, 0x0000000800000000)
  region size 2048K, 40 young (81920K), 0 survivors (0K)
 Metaspace       used 100696K, committed 101568K, reserved 1179648K
  class space    used 14613K, committed 15040K, reserved 1048576K
}
Event: 3029.461 GC heap after
{Heap after GC invocations=263 (full 76):
 garbage-first heap   total 614400K, used 196149K [0x0000000701800000, 0x0000000800000000)
  region size 2048K, 1 young (2048K), 1 survivors (2048K)
 Metaspace       used 100696K, committed 101568K, reserved 1179648K
  class space    used 14613K, committed 15040K, reserved 1048576K
}
Event: 3039.050 GC heap before
{Heap before GC invocations=263 (full 76):
 garbage-first heap   total 614400K, used 276021K [0x0000000701800000, 0x0000000800000000)
  region size 2048K, 40 young (81920K), 1 survivors (2048K)
 Metaspace       used 100714K, committed 101568K, reserved 1179648K
  class space    used 14613K, committed 15040K, reserved 1048576K
}
Event: 3039.051 GC heap after
{Heap after GC invocations=264 (full 76):
 garbage-first heap   total 614400K, used 195857K [0x0000000701800000, 0x0000000800000000)
  region size 2048K, 1 young (2048K), 1 survivors (2048K)
 Metaspace       used 100714K, committed 101568K, reserved 1179648K
  class space    used 14613K, committed 15040K, reserved 1048576K
}

